[ 11:13:11 ]
environment : sitnt
username    : Avfkic05May23
password    : Password@1
---------------------------

[ 11:21:11 ]
environment : sitnt
username    : Amcpwy05May23
password    : Password@1
---------------------------

[ 11:26:13 ]
environment : sitnt
username    : Alvgak05May23
password    : Password@1
---------------------------

[ 11:34:27 ]
environment : sitnt
username    : Aorvhb05May23
password    : Password@1
---------------------------

[ 16:02:57 ]
environment : uatmt2
username    : Aywhkf05May23
password    : Password@1
---------------------------

[ 16:23:38 ]
environment : uatmt2
username    : Aonytn05May23
password    : Password@1
---------------------------

[ 17:51:57 ]
environment : uatmt2
username    : Aeshxc05May23
password    : Password@1
---------------------------

[ 17:54:39 ]
environment : uatmt2
username    : Adebgv05May23
password    : Password@1
---------------------------

