[ 17:12:16 ]
environment : sitnt
username    : Auphhe06Jun23
password    : Password@1
---------------------------

[ 19:31:47 ]
environment : sitnt
date        : 06Jun23
time        : 19:31:47
used        : No
username    : Azjnxq06Jun23
password    : Password@1
url         : https://sitnt.healthyrhode.ri.gov/HIXWebI3/DisplayContactAndPersonalInfo.action
---------------------------

[ 19:45:17 ]
environment : sitnt
date        : 06Jun23
time        : 19:45:17
used        : No
username    : Aqhivk06Jun23
password    : Password@1
url         : https://sitnt.healthyrhode.ri.gov/HIXWebI3/DisplayContactAndPersonalInfo.action
---------------------------

[ 19:55:47 ]
environment : sitnt
date        : 06Jun23
time        : 19:55:47
used        : No
fname       : Awxrckf
lname       : okmlrg
ssn         : 8413211852
dob         : 4/16/1993  [mm/dd/yyyy]
username    : Awxrckf06Jun23
password    : Password@1
url         : https://sitnt.healthyrhode.ri.gov/HIXWebI3/DisplayJobAndIncome.action
---------------------------

[ 20:05:07 ]
environment : sitnt
date        : 06Jun23
time        : 20:05:07
used        : No
fname       : Aqyugcu
lname       : jpznym
ssn         : 8339779660
dob         : 8/6/1976  [mm/dd/yyyy]
username    : Aqyugcu06Jun23
password    : Password@1
url         : https://sitnt.healthyrhode.ri.gov/HIXWebI3/DisplayJobAndIncome.action
---------------------------

[ 20:34:25 ]
environment : sitnt
date        : 06Jun23
time        : 20:34:25
used        : No
fname       : Aitbxiz
lname       : ibjdun
ssn         : 8409838150
dob         : 6/17/1983  [mm/dd/yyyy]
username    : Aitbxiz06Jun23
password    : Password@1
url         : https://sitnt.healthyrhode.ri.gov/access/accessController?id=0.9048229007809876
---------------------------

[ 23:11:03 ]
environment : sitnt
date        : 06Jun23
time        : 23:11:03
used        : No
fname       : Acpvlom
lname       : unyvzy
ssn         : 8164397737
dob         : 4/13/1983  [mm/dd/yyyy]
username    : Acpvlom06Jun23
password    : Password@1
url         : https://sitnt.healthyrhode.ri.gov/access/accessController?id=0.9197747046313178
---------------------------

[ 23:23:16 ]
environment : sitnt
date        : 06Jun23
time        : 23:23:16
used        : No
fname       : Alqvnxy
lname       : oilvgq
ssn         : 8538437196
dob         : 10/10/1997  [mm/dd/yyyy]
username    : Alqvnxy06Jun23
password    : Password@1
caseNo      : 775604252
---------------------------

