[ 00:08:04 ]
environment : sitmt
date        : 07Jun23
time        : 00:08:04
used        : No
fname       : Anxvjkp
lname       : reddbo
ssn         : 8393324487
dob         : 8/23/1991  [mm/dd/yyyy]
username    : Anxvjkp07Jun23
password    : Password@1
program     : SNAP
caseNo      : 799920770
---------------------------

[ 00:56:32 ]
environment : sitmt
date        : 07Jun23
time        : 00:56:32
used        : No
fname       : Atxzbow
lname       : sveumd
ssn         : 8923324997
dob         : 2/21/1993  [mm/dd/yyyy]
username    : Atxzbow07Jun23
password    : Password@1
program     : SNAP
caseNo      : 799920774
---------------------------

[ 01:04:30 ]
environment : sitm
date        : 07Jun23
time        : 01:04:30
used        : No
fname       : Ayglilh
lname       : fhgdtw
ssn         : 8902547053
dob         : 0/4/1987  [mm/dd/yyyy]
username    : Ayglilh07Jun23
password    : Password@1
program     : SNAP
---------------------------

[ 01:04:30 ]
environment : sitm
date        : 07Jun23
time        : 01:04:30
used        : No
fname       : Ayglilh
lname       : fhgdtw
ssn         : 8902547053
dob         : 0/4/1987  [mm/dd/yyyy]
username    : Ayglilh07Jun23
password    : Password@1
program     : SNAP
---------------------------

[ 01:25:10 ]
environment : sitm
date        : 07Jun23
time        : 01:25:10
used        : No
fname       : Axggjty
lname       : tcoizn
ssn         : 8290221767
dob         : 6/4/1989  [mm/dd/yyyy]
username    : Axggjty07Jun23
password    : Password@1
program     : SNAP
caseNo      : 775606452
---------------------------

[ 01:35:29 ]
environment : sitw
date        : 07Jun23
time        : 01:35:29
used        : No
fname       : Aufjznt
lname       : xfesoz
ssn         : 8503420135
dob         : 10/17/1991  [mm/dd/yyyy]
username    : Aufjznt07Jun23
password    : Password@1
program     : SNAP
url         : https://sitw.healthyrhode.ri.gov/HIXWebI3/RequestAssistanceNext.action
---------------------------

[ 01:40:50 ]
environment : sitwt
date        : 07Jun23
time        : 01:40:50
used        : No
fname       : Aoaeuud
lname       : xsbzbo
ssn         : 8534429044
dob         : 3/15/1995  [mm/dd/yyyy]
username    : Aoaeuud07Jun23
password    : Password@1
program     : SNAP
caseNo      : 775606864
---------------------------

[ 01:52:01 ]
environment : sitn
date        : 07Jun23
time        : 01:52:01
used        : No
fname       : Acsdfvh
lname       : lajaxs
ssn         : 8538383796
dob         : 3/18/1993  [mm/dd/yyyy]
username    : Acsdfvh07Jun23
password    : Password@1
program     : SNAP
url         : https://sitn.healthyrhode.ri.gov/access/accessController?id=0.3490923322955176
---------------------------

[ 11:58:59 ]
environment : sitnt
date        : 07Jun23
time        : 11:58:59
used        : No
fname       : Axywejb
lname       : kikjkk
ssn         : 8977751549
dob         : 7/1/1985  [mm/dd/yyyy]
username    : Axywejb07Jun23
password    : Password@1
program     : SNAP
caseNo      : 775604251
---------------------------

[ 12:30:40 ]
environment : sitnt
date        : 07Jun23
time        : 12:30:40
used        : No
fname       : Auubwvr
lname       : prifuj
ssn         : 8118079639
dob         : 0/14/1976  [mm/dd/yyyy]
username    : Auubwvr07Jun23
password    : Password@1
program     : SNAP
url         : https://sitnt.healthyrhode.ri.gov/HIXWebI3/ShowChoosePrograms.action
---------------------------

[ 16:07:03 ]
environment       : sitnt
date              : 07Jun23
time              : 16:07:03
used              : No
dateTimeFull      : 1686134223128
fname             : Agihtfc
lname             : ouhxax
ssn               : 8399379611
dob               : 5/24/1995  [mm/dd/yyyy]
username          : Agihtfc07Jun23
password          : Password@1
program           : SNAP
caseNo            : 775604303
url               : https://sitnt.healthyrhode.ri.gov/HIXWebI3/RevertBackToHIX?actionToCall=dashboard&sspNextPageId=ABTKY&sspFromPageId=ABTKY&sspAccountId=775604303&request_locale=en
---------------------------

[ 16:19:13 ]
environment       : sitnt
date              : 07Jun23
time              : 16:19:13
used              : No
dateTimeFull      : 1686134953689
fname             : Ahhwaus
lname             : bkalis
ssn               : 8555981426
dob               : 6/1/1986  [mm/dd/yyyy]
username          : Ahhwaus07Jun23
password          : Password@1
program           : SNAP
caseNo            : 775604304
url               : https://sitnt.healthyrhode.ri.gov/HIXWebI3/RevertBackToHIX?actionToCall=dashboard&sspNextPageId=ABTKY&sspFromPageId=ABTKY&sspAccountId=775604304&request_locale=en
---------------------------

[ 16:32:04 ]
environment       : sitnt
date              : 07Jun23
time              : 16:32:04
used              : No
dateTimeFull      : 1686135724070
fname             : Aytztcq
lname             : mlypgr
ssn               : 8253424537
dob               : 10/17/1990  [mm/dd/yyyy]
username          : Aytztcq07Jun23
password          : Password@1
program           : SNAP
caseNo            : 775604305
url               : https://sitnt.healthyrhode.ri.gov/HIXWebI3/RevertBackToHIX?actionToCall=dashboard&sspNextPageId=ABTKY&sspFromPageId=ABTKY&sspAccountId=775604305&request_locale=en
---------------------------

[ 16:42:58 ]
environment       : sitnt
date              : 07Jun23
time              : 16:42:58
used              : No
dateTimeFull      : 1686136378995
fname             : Ahzqhbb
lname             : xjtmco
ssn               : 8398164247
dob               : 5/9/1988  [mm/dd/yyyy]
username          : Ahzqhbb07Jun23
password          : Password@1
program           : SNAP
caseNo            : 775604306
url               : https://sitnt.healthyrhode.ri.gov/HIXWebI3/RevertBackToHIX?actionToCall=dashboard&sspNextPageId=ABTKY&sspFromPageId=ABTKY&sspAccountId=775604306&request_locale=en
---------------------------

[ 16:50:28 ]
environment       : sitnt
date              : 07Jun23
time              : 16:50:28
used              : No
dateTimeFull      : 1686136828986
fname             : Anjvvzh
lname             : ebtoyc
ssn               : 8647799701
dob               : 10/19/1977  [mm/dd/yyyy]
username          : Anjvvzh07Jun23
password          : Password@1
program           : SNAP
caseNo            : 775604307
---------------------------

[ 19:36:40 ]
environment       : sitnt
date              : 07Jun23
time              : 19:36:40
used              : No
dateTimeFull      : 1686146800111
fname             : Abejtkt
lname             : zyqjvp
ssn               : 854108744
dob               : 6/9/1987  [mm/dd/yyyy]
username          : Abejtkt07Jun23
password          : Password@1
program           : SNAP
caseNo            : 775604321
---------------------------

