[ 01:18:16 ]
user name : Aadivb18Apr23
pass      : Password@1
---------------------------

[ 01:23:58 ]
user name : Admztt18Apr23
pass      : Password@1
---------------------------

[ 01:26:40 ]
user name   : Avwnlz18Apr23
pass        : Password@1
---------------------------

[ 01:36:10 ]
user name : Acpqoa18Apr23
pass      : Password@1
---------------------------

[ 01:59:09 ]
---------------------------

[ 02:02:05 ]
user name   : Abrddu18Apr23
password    : Password@1
---------------------------

[ 12:52:48 ]
date        : 18Apr23
environment : sitnt
user name   : Apupsj18Apr23
password    : Password@1
time        : 12:52:48
used        : No
---------------------------

[ 13:02:38 ]
date        : 18Apr23
environment : sitnt
password    : Password@1
time        : 13:02:38
used        : No
username    : Aeziyl18Apr23
---------------------------

[ 13:10:23 ]
date        : 18Apr23
environment : sitnt
password    : Password@1
time        : 13:10:23
used        : No
username    : Atzfuu18Apr23
---------------------------

[ 21:01:06 ]
username    : Ajmkzd18Apr23
password    : Password@1
---------------------------

[ 21:04:29 ]
username    : Abbtgt18Apr23
password    : Password@1
---------------------------

[ 21:11:54 ]
username    : Adbabe18Apr23
password    : Password@1
---------------------------

[ 21:25:53 ]
username    : Atvwsq18Apr23
password    : Password@1
---------------------------

[ 21:33:05 ]
username    : Abwfji18Apr23
password    : Password@1
---------------------------

[ 23:41:58 ]
username    : Aebhdl18Apr23
password    : Password@1
---------------------------

