[ 00:51:33 ]
username    : Agikkq19Apr23
password    : Password@1
---------------------------

[ 00:59:35 ]
username    : Alasew19Apr23
password    : Password@1
---------------------------

[ 01:54:03 ]
username    : Axhcqo19Apr23
password    : Password@1
---------------------------

[ 02:04:25 ]
username    : Atgxux19Apr23
password    : Password@1
---------------------------

[ 02:13:41 ]
username    : Akkohj19Apr23
password    : Password@1
---------------------------

[ 04:14:00 ]
username    : Adrznu19Apr23
password    : Password@1
caseNo      : 776525763
---------------------------

[ 05:04:48 ]
username    : Azgxrx19Apr23
password    : Password@1
caseNo      : 775591935
---------------------------

[ 15:07:35 ]
environment : sitw
username    : Alrjjl19Apr23
password    : Password@1
---------------------------

